Using pre-set license

 COMMAND LINE ARGUMENTS:
/Applications/Unity/Hub/Editor/2020.3.6f1/Unity.app/Contents/MacOS/Unity
-adb2
-batchMode
-noUpm
-name
AssetImportWorker0
-projectPath
/Users/Andrei/Documents/Programming/Unity/ZombieShow1/ZombieShow
-logFile
Logs/AssetImportWorker0.log
-srvPort
51602
Successfully changed project path to: /Users/Andrei/Documents/Programming/Unity/ZombieShow1/ZombieShow
/Users/Andrei/Documents/Programming/Unity/ZombieShow1/ZombieShow
Using Asset Import Pipeline V2.
Refreshing native plugins compatible for Editor in 56.51 ms, found 1 plugins.
Preloading 0 native plugins for Editor in 0.00 ms.
Initialize engine version: 2020.3.6f1 (338bb68529b2)
[Subsystems] Discovering subsystems at path /Applications/Unity/Hub/Editor/2020.3.6f1/Unity.app/Contents/Resources/UnitySubsystems
[Subsystems] Discovering subsystems at path /Users/Andrei/Documents/Programming/Unity/ZombieShow1/ZombieShow/Assets
GfxDevice: creating device client; threaded=0
2021-05-06 20:58:02.236 Unity[1469:47455] Color LCD preferred device: Intel HD Graphics 5000 (low power)
2021-05-06 20:58:02.236 Unity[1469:47455] Metal devices available: 1
2021-05-06 20:58:02.237 Unity[1469:47455] 0: Intel HD Graphics 5000 (low power)
2021-05-06 20:58:02.238 Unity[1469:47455] Using device Intel HD Graphics 5000 (low power)
Initializing Metal device caps: Intel HD Graphics 5000
Initialize mono
Mono path[0] = '/Applications/Unity/Hub/Editor/2020.3.6f1/Unity.app/Contents/Managed'
Mono path[1] = '/Applications/Unity/Hub/Editor/2020.3.6f1/Unity.app/Contents/MonoBleedingEdge/lib/mono/unityjit'
Mono config path = '/Applications/Unity/Hub/Editor/2020.3.6f1/Unity.app/Contents/MonoBleedingEdge/etc'
Using monoOptions --debugger-agent=transport=dt_socket,embedding=1,server=y,suspend=n,address=127.0.0.1:56469
Begin MonoManager ReloadAssembly
Registering precompiled unity dll's ...
Register platform support module: /Applications/Unity/Hub/Editor/2020.3.6f1/Unity.app/Contents/PlaybackEngines/MacStandaloneSupport/UnityEditor.OSXStandalone.Extensions.dll
Registered in 0.002580 seconds.
Native extension for OSXStandalone target not found
Refreshing native plugins compatible for Editor in 57.94 ms, found 1 plugins.
Preloading 0 native plugins for Editor in 0.00 ms.
Mono: successfully reloaded assembly
- Completed reload, in  2.094 seconds
Platform modules already initialized, skipping
Registering precompiled user dll's ...
Registered in 0.001463 seconds.
Begin MonoManager ReloadAssembly
Native extension for OSXStandalone target not found
Refreshing native plugins compatible for Editor in 0.61 ms, found 1 plugins.
Preloading 0 native plugins for Editor in 0.00 ms.
Mono: successfully reloaded assembly
- Completed reload, in  1.783 seconds
Platform modules already initialized, skipping
========================================================================
Worker process is ready to serve import requests
Launching external process: /Applications/Unity/Hub/Editor/2020.3.6f1/Unity.app/Contents/Tools/UnityShaderCompiler
Launched and connected shader compiler UnityShaderCompiler after 0.02 seconds
Refreshing native plugins compatible for Editor in 0.42 ms, found 1 plugins.
Preloading 0 native plugins for Editor in 0.00 ms.
Unloading 1227 Unused Serialized files (Serialized files now loaded: 0)
System memory in use before: 139.6 MB.
System memory in use after: 139.0 MB.

Unloading 13 unused Assets to reduce memory usage. Loaded Objects now: 1687.
Total: 4.830195 ms (FindLiveObjects: 0.430393 ms CreateObjectMapping: 0.160860 ms MarkObjects: 3.359503 ms  DeleteObjects: 0.876237 ms)

========================================================================
Received Import Request.
  path: Assets/Scenes
  artifactKey: Guid(6d723e66153c945d895dd615ad5e830d) Importer(815301076,1909f56bfc062723c751e8b465ee728b)
Start importing Assets/Scenes using Guid(6d723e66153c945d895dd615ad5e830d) Importer(815301076,1909f56bfc062723c751e8b465ee728b)  -> (artifact id: 'a39b05509aa27fe67ca00d791d01672a') in 0.016717 seconds
  Import took 0.024408 seconds .

========================================================================
Received Import Request.
  Time since last request: 0.000583 seconds.
  path: Assets/Scripts/PlayerMovement.cs
  artifactKey: Guid(e89516f9b6e0e46229d04df4ce80991f) Importer(815301076,1909f56bfc062723c751e8b465ee728b)
Start importing Assets/Scripts/PlayerMovement.cs using Guid(e89516f9b6e0e46229d04df4ce80991f) Importer(815301076,1909f56bfc062723c751e8b465ee728b)  -> (artifact id: '8ff9e137180567cd0cfb708c3374894b') in 0.853665 seconds
  Import took 0.859395 seconds .

========================================================================
Received Prepare
Registering precompiled user dll's ...
Registered in 0.000824 seconds.
Begin MonoManager ReloadAssembly
Native extension for OSXStandalone target not found
Refreshing native plugins compatible for Editor in 0.55 ms, found 1 plugins.
Preloading 0 native plugins for Editor in 0.00 ms.
Mono: successfully reloaded assembly
- Completed reload, in  1.376 seconds
Platform modules already initialized, skipping
Refreshing native plugins compatible for Editor in 0.60 ms, found 1 plugins.
Preloading 0 native plugins for Editor in 0.00 ms.
Unloading 1193 Unused Serialized files (Serialized files now loaded: 0)
System memory in use before: 141.4 MB.
System memory in use after: 140.8 MB.

Unloading 8 unused Assets to reduce memory usage. Loaded Objects now: 1690.
Total: 3.457869 ms (FindLiveObjects: 0.337656 ms CreateObjectMapping: 0.078342 ms MarkObjects: 2.511976 ms  DeleteObjects: 0.528004 ms)

========================================================================
Received Prepare
Registering precompiled user dll's ...
Registered in 0.001702 seconds.
Begin MonoManager ReloadAssembly
Native extension for OSXStandalone target not found
Refreshing native plugins compatible for Editor in 1.75 ms, found 1 plugins.
Preloading 0 native plugins for Editor in 0.00 ms.
Mono: successfully reloaded assembly
- Completed reload, in  3.307 seconds
Platform modules already initialized, skipping
Refreshing native plugins compatible for Editor in 0.51 ms, found 1 plugins.
Preloading 0 native plugins for Editor in 0.00 ms.
Unloading 1193 Unused Serialized files (Serialized files now loaded: 0)
System memory in use before: 141.7 MB.
System memory in use after: 141.1 MB.

Unloading 8 unused Assets to reduce memory usage. Loaded Objects now: 1693.
Total: 7.801524 ms (FindLiveObjects: 0.986509 ms CreateObjectMapping: 0.206107 ms MarkObjects: 5.109613 ms  DeleteObjects: 1.495634 ms)

========================================================================
Received Import Request.
  Time since last request: 127.594996 seconds.
  path: Assets/Man/Adventurer Blake/Animations/running.anim
  artifactKey: Guid(a907980df956b824db404143d9ee8ba0) Importer(815301076,1909f56bfc062723c751e8b465ee728b)
Start importing Assets/Man/Adventurer Blake/Animations/running.anim using Guid(a907980df956b824db404143d9ee8ba0) Importer(815301076,1909f56bfc062723c751e8b465ee728b)  -> (artifact id: 'b4aea05205edd5cc5b3de70513b28089') in 2.021735 seconds
  Import took 2.028130 seconds .

========================================================================
Received Import Request.
  Time since last request: 0.000527 seconds.
  path: Assets/Man/Adventurer Blake/Animations/Man_Animation.controller
  artifactKey: Guid(fcaecbac522384e5dbc63cf44ced7232) Importer(815301076,1909f56bfc062723c751e8b465ee728b)
Start importing Assets/Man/Adventurer Blake/Animations/Man_Animation.controller using Guid(fcaecbac522384e5dbc63cf44ced7232) Importer(815301076,1909f56bfc062723c751e8b465ee728b)  -> (artifact id: 'd0b63b059416ca6d1f721e5d52584428') in 0.768822 seconds
  Import took 0.773728 seconds .

========================================================================
Received Prepare
Registering precompiled user dll's ...
Registered in 0.000844 seconds.
Begin MonoManager ReloadAssembly
Native extension for OSXStandalone target not found
Refreshing native plugins compatible for Editor in 0.43 ms, found 1 plugins.
Preloading 0 native plugins for Editor in 0.00 ms.
Mono: successfully reloaded assembly
- Completed reload, in  1.821 seconds
Platform modules already initialized, skipping
Refreshing native plugins compatible for Editor in 0.51 ms, found 1 plugins.
Preloading 0 native plugins for Editor in 0.00 ms.
Unloading 1193 Unused Serialized files (Serialized files now loaded: 0)
System memory in use before: 150.5 MB.
System memory in use after: 149.8 MB.

Unloading 8 unused Assets to reduce memory usage. Loaded Objects now: 1696.
Total: 3.305194 ms (FindLiveObjects: 0.385060 ms CreateObjectMapping: 0.072234 ms MarkObjects: 2.214370 ms  DeleteObjects: 0.631254 ms)

========================================================================
Received Prepare
Registering precompiled user dll's ...
Registered in 0.001181 seconds.
Begin MonoManager ReloadAssembly
Native extension for OSXStandalone target not found
Refreshing native plugins compatible for Editor in 0.86 ms, found 1 plugins.
Preloading 0 native plugins for Editor in 0.00 ms.
Mono: successfully reloaded assembly
- Completed reload, in  2.439 seconds
Platform modules already initialized, skipping
Refreshing native plugins compatible for Editor in 0.71 ms, found 1 plugins.
Preloading 0 native plugins for Editor in 0.00 ms.
Unloading 1193 Unused Serialized files (Serialized files now loaded: 0)
System memory in use before: 150.7 MB.
System memory in use after: 150.0 MB.

Unloading 8 unused Assets to reduce memory usage. Loaded Objects now: 1699.
Total: 3.587390 ms (FindLiveObjects: 0.362753 ms CreateObjectMapping: 0.082934 ms MarkObjects: 2.599036 ms  DeleteObjects: 0.539645 ms)

========================================================================
Received Prepare
Registering precompiled user dll's ...
Registered in 0.002273 seconds.
Begin MonoManager ReloadAssembly
Native extension for OSXStandalone target not found
Refreshing native plugins compatible for Editor in 0.44 ms, found 1 plugins.
Preloading 0 native plugins for Editor in 0.00 ms.
Mono: successfully reloaded assembly
- Completed reload, in  2.162 seconds
Platform modules already initialized, skipping
Refreshing native plugins compatible for Editor in 1.54 ms, found 1 plugins.
Preloading 0 native plugins for Editor in 0.00 ms.
Unloading 1193 Unused Serialized files (Serialized files now loaded: 0)
System memory in use before: 150.9 MB.
System memory in use after: 150.3 MB.

Unloading 8 unused Assets to reduce memory usage. Loaded Objects now: 1702.
Total: 5.540640 ms (FindLiveObjects: 0.537767 ms CreateObjectMapping: 0.104998 ms MarkObjects: 4.068310 ms  DeleteObjects: 0.826443 ms)

========================================================================
Received Prepare
Registering precompiled user dll's ...
Registered in 0.001651 seconds.
Begin MonoManager ReloadAssembly
Native extension for OSXStandalone target not found
Refreshing native plugins compatible for Editor in 0.75 ms, found 1 plugins.
Preloading 0 native plugins for Editor in 0.00 ms.
Mono: successfully reloaded assembly
- Completed reload, in  2.194 seconds
Platform modules already initialized, skipping
Refreshing native plugins compatible for Editor in 0.44 ms, found 1 plugins.
Preloading 0 native plugins for Editor in 0.00 ms.
Unloading 1193 Unused Serialized files (Serialized files now loaded: 0)
System memory in use before: 151.2 MB.
System memory in use after: 150.6 MB.

Unloading 8 unused Assets to reduce memory usage. Loaded Objects now: 1705.
Total: 3.126165 ms (FindLiveObjects: 0.369829 ms CreateObjectMapping: 0.123902 ms MarkObjects: 2.083862 ms  DeleteObjects: 0.546587 ms)

========================================================================
Received Prepare
Registering precompiled user dll's ...
Registered in 0.002106 seconds.
Begin MonoManager ReloadAssembly
Native extension for OSXStandalone target not found
Refreshing native plugins compatible for Editor in 0.41 ms, found 1 plugins.
Preloading 0 native plugins for Editor in 0.00 ms.
Mono: successfully reloaded assembly
- Completed reload, in  1.666 seconds
Platform modules already initialized, skipping
Refreshing native plugins compatible for Editor in 0.80 ms, found 1 plugins.
Preloading 0 native plugins for Editor in 0.00 ms.
Unloading 1193 Unused Serialized files (Serialized files now loaded: 0)
System memory in use before: 151.5 MB.
System memory in use after: 150.8 MB.

Unloading 8 unused Assets to reduce memory usage. Loaded Objects now: 1708.
Total: 4.341810 ms (FindLiveObjects: 0.390510 ms CreateObjectMapping: 0.094382 ms MarkObjects: 2.939745 ms  DeleteObjects: 0.913694 ms)

========================================================================
Received Prepare
Registering precompiled user dll's ...
Registered in 0.001327 seconds.
Begin MonoManager ReloadAssembly
Native extension for OSXStandalone target not found
Refreshing native plugins compatible for Editor in 0.71 ms, found 1 plugins.
Preloading 0 native plugins for Editor in 0.00 ms.
Mono: successfully reloaded assembly
- Completed reload, in  1.962 seconds
Platform modules already initialized, skipping
Refreshing native plugins compatible for Editor in 0.51 ms, found 1 plugins.
Preloading 0 native plugins for Editor in 0.00 ms.
Unloading 1193 Unused Serialized files (Serialized files now loaded: 0)
System memory in use before: 151.7 MB.
System memory in use after: 151.1 MB.

Unloading 8 unused Assets to reduce memory usage. Loaded Objects now: 1711.
Total: 4.213907 ms (FindLiveObjects: 0.550405 ms CreateObjectMapping: 0.133107 ms MarkObjects: 2.889925 ms  DeleteObjects: 0.638007 ms)

========================================================================
Received Prepare
Registering precompiled user dll's ...
Registered in 0.002987 seconds.
Begin MonoManager ReloadAssembly
Native extension for OSXStandalone target not found
Refreshing native plugins compatible for Editor in 0.50 ms, found 1 plugins.
Preloading 0 native plugins for Editor in 0.00 ms.
Mono: successfully reloaded assembly
- Completed reload, in  1.928 seconds
Platform modules already initialized, skipping
Refreshing native plugins compatible for Editor in 0.55 ms, found 1 plugins.
Preloading 0 native plugins for Editor in 0.00 ms.
Unloading 1193 Unused Serialized files (Serialized files now loaded: 0)
System memory in use before: 152.0 MB.
System memory in use after: 151.4 MB.

Unloading 8 unused Assets to reduce memory usage. Loaded Objects now: 1714.
Total: 3.489644 ms (FindLiveObjects: 0.366140 ms CreateObjectMapping: 0.115414 ms MarkObjects: 2.369412 ms  DeleteObjects: 0.633376 ms)

========================================================================
Received Prepare
Registering precompiled user dll's ...
Registered in 0.001068 seconds.
Begin MonoManager ReloadAssembly
Native extension for OSXStandalone target not found
Refreshing native plugins compatible for Editor in 0.51 ms, found 1 plugins.
Preloading 0 native plugins for Editor in 0.00 ms.
Mono: successfully reloaded assembly
- Completed reload, in  2.228 seconds
Platform modules already initialized, skipping
Refreshing native plugins compatible for Editor in 0.45 ms, found 1 plugins.
Preloading 0 native plugins for Editor in 0.00 ms.
Unloading 1193 Unused Serialized files (Serialized files now loaded: 0)
System memory in use before: 152.2 MB.
System memory in use after: 151.6 MB.

Unloading 8 unused Assets to reduce memory usage. Loaded Objects now: 1717.
Total: 3.216049 ms (FindLiveObjects: 0.308642 ms CreateObjectMapping: 0.118223 ms MarkObjects: 2.248090 ms  DeleteObjects: 0.539236 ms)

========================================================================
Received Prepare
Registering precompiled user dll's ...
Registered in 0.001382 seconds.
Begin MonoManager ReloadAssembly
Native extension for OSXStandalone target not found
Refreshing native plugins compatible for Editor in 0.74 ms, found 1 plugins.
Preloading 0 native plugins for Editor in 0.00 ms.
Mono: successfully reloaded assembly
- Completed reload, in  2.297 seconds
Platform modules already initialized, skipping
Refreshing native plugins compatible for Editor in 0.45 ms, found 1 plugins.
Preloading 0 native plugins for Editor in 0.00 ms.
Unloading 1193 Unused Serialized files (Serialized files now loaded: 0)
System memory in use before: 152.5 MB.
System memory in use after: 151.9 MB.

Unloading 8 unused Assets to reduce memory usage. Loaded Objects now: 1720.
Total: 4.750187 ms (FindLiveObjects: 0.387000 ms CreateObjectMapping: 0.138918 ms MarkObjects: 3.387896 ms  DeleteObjects: 0.833326 ms)

========================================================================
Received Prepare
Registering precompiled user dll's ...
Registered in 0.000772 seconds.
Begin MonoManager ReloadAssembly
Native extension for OSXStandalone target not found
Refreshing native plugins compatible for Editor in 0.47 ms, found 1 plugins.
Preloading 0 native plugins for Editor in 0.00 ms.
Mono: successfully reloaded assembly
- Completed reload, in  1.958 seconds
Platform modules already initialized, skipping
Refreshing native plugins compatible for Editor in 0.50 ms, found 1 plugins.
Preloading 0 native plugins for Editor in 0.00 ms.
Unloading 1193 Unused Serialized files (Serialized files now loaded: 0)
System memory in use before: 152.8 MB.
System memory in use after: 152.2 MB.

Unloading 8 unused Assets to reduce memory usage. Loaded Objects now: 1723.
Total: 7.528366 ms (FindLiveObjects: 0.588272 ms CreateObjectMapping: 0.202968 ms MarkObjects: 5.419934 ms  DeleteObjects: 1.312525 ms)

========================================================================
Received Prepare
Registering precompiled user dll's ...
Registered in 0.001261 seconds.
Begin MonoManager ReloadAssembly
Native extension for OSXStandalone target not found
Refreshing native plugins compatible for Editor in 0.71 ms, found 1 plugins.
Preloading 0 native plugins for Editor in 0.00 ms.
Mono: successfully reloaded assembly
- Completed reload, in  2.248 seconds
Platform modules already initialized, skipping
Refreshing native plugins compatible for Editor in 0.77 ms, found 1 plugins.
Preloading 0 native plugins for Editor in 0.00 ms.
Unloading 1193 Unused Serialized files (Serialized files now loaded: 0)
System memory in use before: 153.1 MB.
System memory in use after: 152.5 MB.

Unloading 8 unused Assets to reduce memory usage. Loaded Objects now: 1726.
Total: 12.728392 ms (FindLiveObjects: 2.165546 ms CreateObjectMapping: 0.606250 ms MarkObjects: 8.339332 ms  DeleteObjects: 1.609602 ms)

========================================================================
Received Prepare
Registering precompiled user dll's ...
Registered in 0.001497 seconds.
Begin MonoManager ReloadAssembly
Native extension for OSXStandalone target not found
Refreshing native plugins compatible for Editor in 0.43 ms, found 1 plugins.
Preloading 0 native plugins for Editor in 0.00 ms.
Mono: successfully reloaded assembly
- Completed reload, in  1.597 seconds
Platform modules already initialized, skipping
Refreshing native plugins compatible for Editor in 0.61 ms, found 1 plugins.
Preloading 0 native plugins for Editor in 0.00 ms.
Unloading 1193 Unused Serialized files (Serialized files now loaded: 0)
System memory in use before: 153.3 MB.
System memory in use after: 152.7 MB.

Unloading 8 unused Assets to reduce memory usage. Loaded Objects now: 1729.
Total: 3.993677 ms (FindLiveObjects: 0.434620 ms CreateObjectMapping: 0.096285 ms MarkObjects: 2.715659 ms  DeleteObjects: 0.743904 ms)

========================================================================
Received Prepare
Registering precompiled user dll's ...
Registered in 0.000806 seconds.
Begin MonoManager ReloadAssembly
Native extension for OSXStandalone target not found
Refreshing native plugins compatible for Editor in 0.42 ms, found 1 plugins.
Preloading 0 native plugins for Editor in 0.00 ms.
Mono: successfully reloaded assembly
- Completed reload, in  1.579 seconds
Platform modules already initialized, skipping
Refreshing native plugins compatible for Editor in 0.41 ms, found 1 plugins.
Preloading 0 native plugins for Editor in 0.00 ms.
Unloading 1193 Unused Serialized files (Serialized files now loaded: 0)
System memory in use before: 153.6 MB.
System memory in use after: 153.0 MB.

Unloading 8 unused Assets to reduce memory usage. Loaded Objects now: 1732.
Total: 3.570059 ms (FindLiveObjects: 0.386234 ms CreateObjectMapping: 0.137580 ms MarkObjects: 2.479127 ms  DeleteObjects: 0.563160 ms)

========================================================================
Received Prepare
Registering precompiled user dll's ...
Registered in 0.001334 seconds.
Begin MonoManager ReloadAssembly
Native extension for OSXStandalone target not found
Refreshing native plugins compatible for Editor in 0.74 ms, found 1 plugins.
Preloading 0 native plugins for Editor in 0.00 ms.
Mono: successfully reloaded assembly
- Completed reload, in  2.484 seconds
Platform modules already initialized, skipping
Refreshing native plugins compatible for Editor in 0.72 ms, found 1 plugins.
Preloading 0 native plugins for Editor in 0.00 ms.
Unloading 1193 Unused Serialized files (Serialized files now loaded: 0)
System memory in use before: 153.9 MB.
System memory in use after: 153.3 MB.

Unloading 8 unused Assets to reduce memory usage. Loaded Objects now: 1735.
Total: 5.068679 ms (FindLiveObjects: 0.494596 ms CreateObjectMapping: 0.181159 ms MarkObjects: 3.526339 ms  DeleteObjects: 0.863613 ms)

========================================================================
Received Prepare
Registering precompiled user dll's ...
Registered in 0.001281 seconds.
Begin MonoManager ReloadAssembly
Native extension for OSXStandalone target not found
Refreshing native plugins compatible for Editor in 0.76 ms, found 1 plugins.
Preloading 0 native plugins for Editor in 0.00 ms.
Mono: successfully reloaded assembly
- Completed reload, in  1.747 seconds
Platform modules already initialized, skipping
Refreshing native plugins compatible for Editor in 0.43 ms, found 1 plugins.
Preloading 0 native plugins for Editor in 0.00 ms.
Unloading 1193 Unused Serialized files (Serialized files now loaded: 0)
System memory in use before: 154.2 MB.
System memory in use after: 153.6 MB.

Unloading 8 unused Assets to reduce memory usage. Loaded Objects now: 1738.
Total: 4.045445 ms (FindLiveObjects: 0.441182 ms CreateObjectMapping: 0.091043 ms MarkObjects: 2.730190 ms  DeleteObjects: 0.781133 ms)

========================================================================
Received Prepare
Registering precompiled user dll's ...
Registered in 0.000754 seconds.
Begin MonoManager ReloadAssembly
Native extension for OSXStandalone target not found
Refreshing native plugins compatible for Editor in 0.44 ms, found 1 plugins.
Preloading 0 native plugins for Editor in 0.00 ms.
Mono: successfully reloaded assembly
- Completed reload, in  2.083 seconds
Platform modules already initialized, skipping
Refreshing native plugins compatible for Editor in 0.52 ms, found 1 plugins.
Preloading 0 native plugins for Editor in 0.00 ms.
Unloading 1193 Unused Serialized files (Serialized files now loaded: 0)
System memory in use before: 154.5 MB.
System memory in use after: 153.9 MB.

Unloading 8 unused Assets to reduce memory usage. Loaded Objects now: 1741.
Total: 2.903995 ms (FindLiveObjects: 0.226626 ms CreateObjectMapping: 0.061935 ms MarkObjects: 2.055380 ms  DeleteObjects: 0.557584 ms)

========================================================================
Received Prepare
Registering precompiled user dll's ...
Registered in 0.002348 seconds.
Begin MonoManager ReloadAssembly
Native extension for OSXStandalone target not found
Refreshing native plugins compatible for Editor in 0.77 ms, found 1 plugins.
Preloading 0 native plugins for Editor in 0.00 ms.
Mono: successfully reloaded assembly
- Completed reload, in  2.086 seconds
Platform modules already initialized, skipping
Refreshing native plugins compatible for Editor in 0.75 ms, found 1 plugins.
Preloading 0 native plugins for Editor in 0.00 ms.
Unloading 1193 Unused Serialized files (Serialized files now loaded: 0)
System memory in use before: 154.8 MB.
System memory in use after: 154.2 MB.

Unloading 8 unused Assets to reduce memory usage. Loaded Objects now: 1744.
Total: 3.012924 ms (FindLiveObjects: 0.255647 ms CreateObjectMapping: 0.062178 ms MarkObjects: 2.114962 ms  DeleteObjects: 0.576593 ms)

========================================================================
Received Prepare
Registering precompiled user dll's ...
Registered in 0.002438 seconds.
Begin MonoManager ReloadAssembly
Native extension for OSXStandalone target not found
Refreshing native plugins compatible for Editor in 0.56 ms, found 1 plugins.
Preloading 0 native plugins for Editor in 0.00 ms.
Mono: successfully reloaded assembly
- Completed reload, in  1.520 seconds
Platform modules already initialized, skipping
Refreshing native plugins compatible for Editor in 0.62 ms, found 1 plugins.
Preloading 0 native plugins for Editor in 0.00 ms.
Unloading 1193 Unused Serialized files (Serialized files now loaded: 0)
System memory in use before: 155.0 MB.
System memory in use after: 154.4 MB.

Unloading 8 unused Assets to reduce memory usage. Loaded Objects now: 1747.
Total: 4.216415 ms (FindLiveObjects: 0.414725 ms CreateObjectMapping: 0.096700 ms MarkObjects: 2.883638 ms  DeleteObjects: 0.818205 ms)

========================================================================
Received Prepare
Registering precompiled user dll's ...
Registered in 0.000782 seconds.
Begin MonoManager ReloadAssembly
Native extension for OSXStandalone target not found
Refreshing native plugins compatible for Editor in 0.76 ms, found 1 plugins.
Preloading 0 native plugins for Editor in 0.00 ms.
Mono: successfully reloaded assembly
- Completed reload, in  2.010 seconds
Platform modules already initialized, skipping
Refreshing native plugins compatible for Editor in 0.51 ms, found 1 plugins.
Preloading 0 native plugins for Editor in 0.00 ms.
Unloading 1193 Unused Serialized files (Serialized files now loaded: 0)
System memory in use before: 155.3 MB.
System memory in use after: 154.7 MB.

Unloading 8 unused Assets to reduce memory usage. Loaded Objects now: 1750.
Total: 2.915339 ms (FindLiveObjects: 0.221869 ms CreateObjectMapping: 0.061092 ms MarkObjects: 2.057787 ms  DeleteObjects: 0.572526 ms)

========================================================================
Received Prepare
Registering precompiled user dll's ...
Registered in 0.001846 seconds.
Begin MonoManager ReloadAssembly
Native extension for OSXStandalone target not found
Refreshing native plugins compatible for Editor in 0.83 ms, found 1 plugins.
Preloading 0 native plugins for Editor in 0.00 ms.
Mono: successfully reloaded assembly
- Completed reload, in  3.579 seconds
Platform modules already initialized, skipping
Refreshing native plugins compatible for Editor in 0.62 ms, found 1 plugins.
Preloading 0 native plugins for Editor in 0.00 ms.
Unloading 1193 Unused Serialized files (Serialized files now loaded: 0)
System memory in use before: 155.6 MB.
System memory in use after: 155.0 MB.

Unloading 8 unused Assets to reduce memory usage. Loaded Objects now: 1753.
Total: 4.618900 ms (FindLiveObjects: 0.357363 ms CreateObjectMapping: 0.100168 ms MarkObjects: 3.296346 ms  DeleteObjects: 0.859298 ms)

========================================================================
Received Prepare
Registering precompiled user dll's ...
Registered in 0.000749 seconds.
Begin MonoManager ReloadAssembly
Native extension for OSXStandalone target not found
Refreshing native plugins compatible for Editor in 0.57 ms, found 1 plugins.
Preloading 0 native plugins for Editor in 0.00 ms.
Mono: successfully reloaded assembly
- Completed reload, in  1.551 seconds
Platform modules already initialized, skipping
Refreshing native plugins compatible for Editor in 0.43 ms, found 1 plugins.
Preloading 0 native plugins for Editor in 0.00 ms.
Unloading 1193 Unused Serialized files (Serialized files now loaded: 0)
System memory in use before: 155.9 MB.
System memory in use after: 155.2 MB.

Unloading 8 unused Assets to reduce memory usage. Loaded Objects now: 1756.
Total: 3.249205 ms (FindLiveObjects: 0.337419 ms CreateObjectMapping: 0.134027 ms MarkObjects: 2.212801 ms  DeleteObjects: 0.563170 ms)

========================================================================
Received Prepare
Registering precompiled user dll's ...
Registered in 0.001974 seconds.
Begin MonoManager ReloadAssembly
Native extension for OSXStandalone target not found
Refreshing native plugins compatible for Editor in 0.41 ms, found 1 plugins.
Preloading 0 native plugins for Editor in 0.00 ms.
Mono: successfully reloaded assembly
- Completed reload, in  1.664 seconds
Platform modules already initialized, skipping
Refreshing native plugins compatible for Editor in 1.32 ms, found 1 plugins.
Preloading 0 native plugins for Editor in 0.00 ms.
Unloading 1193 Unused Serialized files (Serialized files now loaded: 0)
System memory in use before: 156.1 MB.
System memory in use after: 155.5 MB.

Unloading 8 unused Assets to reduce memory usage. Loaded Objects now: 1759.
Total: 5.577690 ms (FindLiveObjects: 0.892704 ms CreateObjectMapping: 0.137672 ms MarkObjects: 3.840226 ms  DeleteObjects: 0.699714 ms)

========================================================================
Received Prepare
Registering precompiled user dll's ...
Registered in 0.001066 seconds.
Begin MonoManager ReloadAssembly
Native extension for OSXStandalone target not found
Refreshing native plugins compatible for Editor in 0.66 ms, found 1 plugins.
Preloading 0 native plugins for Editor in 0.00 ms.
Mono: successfully reloaded assembly
- Completed reload, in  1.589 seconds
Platform modules already initialized, skipping
Refreshing native plugins compatible for Editor in 0.43 ms, found 1 plugins.
Preloading 0 native plugins for Editor in 0.00 ms.
Unloading 1193 Unused Serialized files (Serialized files now loaded: 0)
System memory in use before: 156.4 MB.
System memory in use after: 155.8 MB.

Unloading 8 unused Assets to reduce memory usage. Loaded Objects now: 1762.
Total: 3.207207 ms (FindLiveObjects: 0.284542 ms CreateObjectMapping: 0.128223 ms MarkObjects: 2.202199 ms  DeleteObjects: 0.588745 ms)

========================================================================
Received Prepare
Registering precompiled user dll's ...
Registered in 0.001538 seconds.
Begin MonoManager ReloadAssembly
Native extension for OSXStandalone target not found
Refreshing native plugins compatible for Editor in 0.41 ms, found 1 plugins.
Preloading 0 native plugins for Editor in 0.00 ms.
Mono: successfully reloaded assembly
- Completed reload, in  1.368 seconds
Platform modules already initialized, skipping
Refreshing native plugins compatible for Editor in 0.62 ms, found 1 plugins.
Preloading 0 native plugins for Editor in 0.00 ms.
Unloading 1193 Unused Serialized files (Serialized files now loaded: 0)
System memory in use before: 156.7 MB.
System memory in use after: 156.1 MB.

Unloading 8 unused Assets to reduce memory usage. Loaded Objects now: 1765.
Total: 3.105404 ms (FindLiveObjects: 0.308649 ms CreateObjectMapping: 0.059838 ms MarkObjects: 2.172290 ms  DeleteObjects: 0.562767 ms)

========================================================================
Received Prepare
Registering precompiled user dll's ...
Registered in 0.000838 seconds.
Begin MonoManager ReloadAssembly
Native extension for OSXStandalone target not found
Refreshing native plugins compatible for Editor in 0.44 ms, found 1 plugins.
Preloading 0 native plugins for Editor in 0.00 ms.
Mono: successfully reloaded assembly
- Completed reload, in  1.517 seconds
Platform modules already initialized, skipping
Refreshing native plugins compatible for Editor in 0.45 ms, found 1 plugins.
Preloading 0 native plugins for Editor in 0.00 ms.
Unloading 1193 Unused Serialized files (Serialized files now loaded: 0)
System memory in use before: 156.9 MB.
System memory in use after: 156.3 MB.

Unloading 8 unused Assets to reduce memory usage. Loaded Objects now: 1768.
Total: 3.271383 ms (FindLiveObjects: 0.299534 ms CreateObjectMapping: 0.089745 ms MarkObjects: 2.286221 ms  DeleteObjects: 0.594189 ms)

========================================================================
Received Prepare
Registering precompiled user dll's ...
Registered in 0.000765 seconds.
Begin MonoManager ReloadAssembly
Native extension for OSXStandalone target not found
Refreshing native plugins compatible for Editor in 0.43 ms, found 1 plugins.
Preloading 0 native plugins for Editor in 0.00 ms.
Mono: successfully reloaded assembly
- Completed reload, in  1.492 seconds
Platform modules already initialized, skipping
Refreshing native plugins compatible for Editor in 0.44 ms, found 1 plugins.
Preloading 0 native plugins for Editor in 0.00 ms.
Unloading 1193 Unused Serialized files (Serialized files now loaded: 0)
System memory in use before: 157.2 MB.
System memory in use after: 156.6 MB.

Unloading 8 unused Assets to reduce memory usage. Loaded Objects now: 1771.
Total: 3.252021 ms (FindLiveObjects: 0.346071 ms CreateObjectMapping: 0.090816 ms MarkObjects: 2.206412 ms  DeleteObjects: 0.606414 ms)

========================================================================
Received Prepare
Registering precompiled user dll's ...
Registered in 0.001523 seconds.
Begin MonoManager ReloadAssembly
Native extension for OSXStandalone target not found
Refreshing native plugins compatible for Editor in 0.48 ms, found 1 plugins.
Preloading 0 native plugins for Editor in 0.00 ms.
Mono: successfully reloaded assembly
- Completed reload, in  1.702 seconds
Platform modules already initialized, skipping
Refreshing native plugins compatible for Editor in 0.48 ms, found 1 plugins.
Preloading 0 native plugins for Editor in 0.00 ms.
Unloading 1193 Unused Serialized files (Serialized files now loaded: 0)
System memory in use before: 157.5 MB.
System memory in use after: 156.9 MB.

Unloading 8 unused Assets to reduce memory usage. Loaded Objects now: 1774.
Total: 3.376507 ms (FindLiveObjects: 0.315573 ms CreateObjectMapping: 0.114690 ms MarkObjects: 2.349766 ms  DeleteObjects: 0.594426 ms)

========================================================================
Received Prepare
Registering precompiled user dll's ...
Registered in 0.001040 seconds.
Begin MonoManager ReloadAssembly
Native extension for OSXStandalone target not found
Refreshing native plugins compatible for Editor in 0.44 ms, found 1 plugins.
Preloading 0 native plugins for Editor in 0.00 ms.
Mono: successfully reloaded assembly
- Completed reload, in  1.876 seconds
Platform modules already initialized, skipping
Refreshing native plugins compatible for Editor in 0.50 ms, found 1 plugins.
Preloading 0 native plugins for Editor in 0.00 ms.
Unloading 1193 Unused Serialized files (Serialized files now loaded: 0)
System memory in use before: 157.7 MB.
System memory in use after: 157.1 MB.

Unloading 8 unused Assets to reduce memory usage. Loaded Objects now: 1777.
Total: 3.498251 ms (FindLiveObjects: 0.320732 ms CreateObjectMapping: 0.120196 ms MarkObjects: 2.452480 ms  DeleteObjects: 0.602627 ms)

========================================================================
Received Import Request.
  Time since last request: 2957.962532 seconds.
  path: Assets/Man/Adventurer Blake/Animations/jump ascending.anim
  artifactKey: Guid(932d967711e3d6143aff8eb60bb56710) Importer(815301076,1909f56bfc062723c751e8b465ee728b)
Start importing Assets/Man/Adventurer Blake/Animations/jump ascending.anim using Guid(932d967711e3d6143aff8eb60bb56710) Importer(815301076,1909f56bfc062723c751e8b465ee728b)  -> (artifact id: '814c9b5cef8587a3550dbf6327264710') in 0.045766 seconds
  Import took 0.051969 seconds .

========================================================================
Received Import Request.
  Time since last request: 0.002222 seconds.
  path: Assets/Man/Adventurer Blake/Animations/jump ascending.anim
  artifactKey: Guid(932d967711e3d6143aff8eb60bb56710) Importer(815301076,1909f56bfc062723c751e8b465ee728b)
Start importing Assets/Man/Adventurer Blake/Animations/jump ascending.anim using Guid(932d967711e3d6143aff8eb60bb56710) Importer(815301076,1909f56bfc062723c751e8b465ee728b)  -> (artifact id: '814c9b5cef8587a3550dbf6327264710') in 0.010811 seconds
  Import took 0.018352 seconds .

========================================================================
Received Import Request.
  Time since last request: 5.068450 seconds.
  path: Assets/Man/Adventurer Blake/Animations/jump descending.anim
  artifactKey: Guid(f5e9afe8b8a01b64db17cb99b93d711c) Importer(815301076,1909f56bfc062723c751e8b465ee728b)
Start importing Assets/Man/Adventurer Blake/Animations/jump descending.anim using Guid(f5e9afe8b8a01b64db17cb99b93d711c) Importer(815301076,1909f56bfc062723c751e8b465ee728b)  -> (artifact id: '40d9c933ef969813294855c779c3506c') in 0.015158 seconds
  Import took 0.019994 seconds .

========================================================================
Received Import Request.
  Time since last request: 3.839005 seconds.
  path: Assets/Man/Adventurer Blake/Animations/jump start.anim
  artifactKey: Guid(83e080dd9b8b16b4ebeb839bbb3a952d) Importer(815301076,1909f56bfc062723c751e8b465ee728b)
Start importing Assets/Man/Adventurer Blake/Animations/jump start.anim using Guid(83e080dd9b8b16b4ebeb839bbb3a952d) Importer(815301076,1909f56bfc062723c751e8b465ee728b)  -> (artifact id: '548abe71e61a54899f9e2cd59b06e2c9') in 0.017864 seconds
  Import took 0.023694 seconds .

========================================================================
Received Import Request.
  Time since last request: 6.011394 seconds.
  path: Assets/Man/Adventurer Blake/Animations/jump mid air.anim
  artifactKey: Guid(75cc55960cd1aff4a8fc18b3086f7b31) Importer(815301076,1909f56bfc062723c751e8b465ee728b)
Start importing Assets/Man/Adventurer Blake/Animations/jump mid air.anim using Guid(75cc55960cd1aff4a8fc18b3086f7b31) Importer(815301076,1909f56bfc062723c751e8b465ee728b)  -> (artifact id: '380a28ee3f555c46cd27478dda3fd687') in 0.013160 seconds
  Import took 0.018877 seconds .

========================================================================
Received Import Request.
  Time since last request: 4.009921 seconds.
  path: Assets/Man/Adventurer Blake/Animations/jump landing.anim
  artifactKey: Guid(ffdb97938f4dc9d4ba870dd7b2253b9c) Importer(815301076,1909f56bfc062723c751e8b465ee728b)
Start importing Assets/Man/Adventurer Blake/Animations/jump landing.anim using Guid(ffdb97938f4dc9d4ba870dd7b2253b9c) Importer(815301076,1909f56bfc062723c751e8b465ee728b)  -> (artifact id: 'ace7ee7b740f39f68ed8d59299a0b630') in 0.013117 seconds
  Import took 0.018264 seconds .

========================================================================
Received Import Request.
  Time since last request: 6.035232 seconds.
  path: Assets/Man/Adventurer Blake/Animations/walking left.anim
  artifactKey: Guid(2a47106d22a35914aa3982ceb3a22dce) Importer(815301076,1909f56bfc062723c751e8b465ee728b)
Start importing Assets/Man/Adventurer Blake/Animations/walking left.anim using Guid(2a47106d22a35914aa3982ceb3a22dce) Importer(815301076,1909f56bfc062723c751e8b465ee728b)  -> (artifact id: '80ad4eac6fb76e755e838fe631d86ecd') in 0.011494 seconds
  Import took 0.016350 seconds .

========================================================================
Received Import Request.
  Time since last request: 0.390627 seconds.
  path: Assets/Man/Adventurer Blake/Animations/T-pose.anim
  artifactKey: Guid(06d5e148d5fe3f946ad3eab2e458e23d) Importer(815301076,1909f56bfc062723c751e8b465ee728b)
Start importing Assets/Man/Adventurer Blake/Animations/T-pose.anim using Guid(06d5e148d5fe3f946ad3eab2e458e23d) Importer(815301076,1909f56bfc062723c751e8b465ee728b)  -> (artifact id: 'b285bddae8ea47ecbbf9060ce02b16cc') in 0.006396 seconds
  Import took 0.011893 seconds .

========================================================================
Received Import Request.
  Time since last request: 5.225199 seconds.
  path: Assets/Man/Adventurer Blake/Animations/punch left and right.anim
  artifactKey: Guid(2c75f93d5a367e24782bf070e185e747) Importer(815301076,1909f56bfc062723c751e8b465ee728b)
Start importing Assets/Man/Adventurer Blake/Animations/punch left and right.anim using Guid(2c75f93d5a367e24782bf070e185e747) Importer(815301076,1909f56bfc062723c751e8b465ee728b)  -> (artifact id: 'a4ff334e539c843017f648ae73bc3956') in 0.020209 seconds
  Import took 0.024656 seconds .

========================================================================
Received Import Request.
  Time since last request: 19.196285 seconds.
  path: Assets/Man/Adventurer Blake/Animations/A-pose.anim
  artifactKey: Guid(fd8188736a73a054990c4d18e464de90) Importer(815301076,1909f56bfc062723c751e8b465ee728b)
Start importing Assets/Man/Adventurer Blake/Animations/A-pose.anim using Guid(fd8188736a73a054990c4d18e464de90) Importer(815301076,1909f56bfc062723c751e8b465ee728b)  -> (artifact id: '709d6152072599a52ecc1ddeafa7c8ac') in 0.007168 seconds
  Import took 0.012628 seconds .

========================================================================
Received Import Request.
  Time since last request: 3.647196 seconds.
  path: Assets/Man/Adventurer Blake/Animations/dead2.anim
  artifactKey: Guid(06095aeec7a7def4699c20ac14e5ad1a) Importer(815301076,1909f56bfc062723c751e8b465ee728b)
Start importing Assets/Man/Adventurer Blake/Animations/dead2.anim using Guid(06095aeec7a7def4699c20ac14e5ad1a) Importer(815301076,1909f56bfc062723c751e8b465ee728b)  -> (artifact id: '24be0f77c09dcea40339f7070dbee7c3') in 0.013902 seconds
  Import took 0.018957 seconds .

========================================================================
Received Prepare
Registering precompiled user dll's ...
Registered in 0.001158 seconds.
Begin MonoManager ReloadAssembly
Native extension for OSXStandalone target not found
Refreshing native plugins compatible for Editor in 0.44 ms, found 1 plugins.
Preloading 0 native plugins for Editor in 0.00 ms.
Mono: successfully reloaded assembly
- Completed reload, in  1.518 seconds
Platform modules already initialized, skipping
Refreshing native plugins compatible for Editor in 0.43 ms, found 1 plugins.
Preloading 0 native plugins for Editor in 0.00 ms.
Unloading 1193 Unused Serialized files (Serialized files now loaded: 0)
System memory in use before: 158.0 MB.
System memory in use after: 157.4 MB.

Unloading 8 unused Assets to reduce memory usage. Loaded Objects now: 1780.
Total: 3.284848 ms (FindLiveObjects: 0.313182 ms CreateObjectMapping: 0.122050 ms MarkObjects: 2.263882 ms  DeleteObjects: 0.583682 ms)

========================================================================
Received Prepare
Registering precompiled user dll's ...
Registered in 0.000790 seconds.
Begin MonoManager ReloadAssembly
Native extension for OSXStandalone target not found
Refreshing native plugins compatible for Editor in 0.53 ms, found 1 plugins.
Preloading 0 native plugins for Editor in 0.00 ms.
Mono: successfully reloaded assembly
- Completed reload, in  1.530 seconds
Platform modules already initialized, skipping
Refreshing native plugins compatible for Editor in 0.63 ms, found 1 plugins.
Preloading 0 native plugins for Editor in 0.00 ms.
Unloading 1193 Unused Serialized files (Serialized files now loaded: 0)
System memory in use before: 158.3 MB.
System memory in use after: 157.7 MB.

Unloading 8 unused Assets to reduce memory usage. Loaded Objects now: 1783.
Total: 4.722693 ms (FindLiveObjects: 0.583210 ms CreateObjectMapping: 0.109415 ms MarkObjects: 3.134503 ms  DeleteObjects: 0.891898 ms)

========================================================================
Received Prepare
Registering precompiled user dll's ...
Registered in 0.000804 seconds.
Begin MonoManager ReloadAssembly
Native extension for OSXStandalone target not found
Refreshing native plugins compatible for Editor in 0.45 ms, found 1 plugins.
Preloading 0 native plugins for Editor in 0.00 ms.
Mono: successfully reloaded assembly
- Completed reload, in  2.038 seconds
Platform modules already initialized, skipping
Refreshing native plugins compatible for Editor in 0.45 ms, found 1 plugins.
Preloading 0 native plugins for Editor in 0.00 ms.
Unloading 1193 Unused Serialized files (Serialized files now loaded: 0)
System memory in use before: 158.5 MB.
System memory in use after: 157.9 MB.

Unloading 8 unused Assets to reduce memory usage. Loaded Objects now: 1786.
Total: 3.184459 ms (FindLiveObjects: 0.310973 ms CreateObjectMapping: 0.085500 ms MarkObjects: 2.210140 ms  DeleteObjects: 0.576108 ms)

========================================================================
Received Prepare
Registering precompiled user dll's ...
Registered in 0.001385 seconds.
Begin MonoManager ReloadAssembly
Native extension for OSXStandalone target not found
Refreshing native plugins compatible for Editor in 0.46 ms, found 1 plugins.
Preloading 0 native plugins for Editor in 0.00 ms.
Mono: successfully reloaded assembly
- Completed reload, in  1.555 seconds
Platform modules already initialized, skipping
Refreshing native plugins compatible for Editor in 0.52 ms, found 1 plugins.
Preloading 0 native plugins for Editor in 0.00 ms.
Unloading 1193 Unused Serialized files (Serialized files now loaded: 0)
System memory in use before: 158.8 MB.
System memory in use after: 158.2 MB.

Unloading 8 unused Assets to reduce memory usage. Loaded Objects now: 1789.
Total: 4.171696 ms (FindLiveObjects: 0.458495 ms CreateObjectMapping: 0.184826 ms MarkObjects: 2.808177 ms  DeleteObjects: 0.707276 ms)

========================================================================
Received Prepare
Registering precompiled user dll's ...
Registered in 0.000757 seconds.
Begin MonoManager ReloadAssembly
Native extension for OSXStandalone target not found
Refreshing native plugins compatible for Editor in 0.45 ms, found 1 plugins.
Preloading 0 native plugins for Editor in 0.00 ms.
Mono: successfully reloaded assembly
- Completed reload, in  1.532 seconds
Platform modules already initialized, skipping
Refreshing native plugins compatible for Editor in 0.43 ms, found 1 plugins.
Preloading 0 native plugins for Editor in 0.00 ms.
Unloading 1193 Unused Serialized files (Serialized files now loaded: 0)
System memory in use before: 159.1 MB.
System memory in use after: 158.5 MB.

Unloading 8 unused Assets to reduce memory usage. Loaded Objects now: 1792.
Total: 5.640683 ms (FindLiveObjects: 0.487870 ms CreateObjectMapping: 0.241927 ms MarkObjects: 4.052348 ms  DeleteObjects: 0.854800 ms)

========================================================================
Received Import Request.
  Time since last request: 1267.731935 seconds.
  path: Assets/Scripts/PlayerMovement.cs
  artifactKey: Guid(e89516f9b6e0e46229d04df4ce80991f) Importer(815301076,1909f56bfc062723c751e8b465ee728b)
Start importing Assets/Scripts/PlayerMovement.cs using Guid(e89516f9b6e0e46229d04df4ce80991f) Importer(815301076,1909f56bfc062723c751e8b465ee728b)  -> (artifact id: '6bab460e5f9f683c6490900bd2254e9e') in 0.016548 seconds
  Import took 0.020610 seconds .

========================================================================
Received Import Request.
  Time since last request: 0.013576 seconds.
  path: Assets/Scripts/PlayerMovement.cs
  artifactKey: Guid(e89516f9b6e0e46229d04df4ce80991f) Importer(815301076,1909f56bfc062723c751e8b465ee728b)
Start importing Assets/Scripts/PlayerMovement.cs using Guid(e89516f9b6e0e46229d04df4ce80991f) Importer(815301076,1909f56bfc062723c751e8b465ee728b)  -> (artifact id: '6bab460e5f9f683c6490900bd2254e9e') in 0.002674 seconds
  Import took 0.006811 seconds .

========================================================================
Received Prepare
Registering precompiled user dll's ...
Registered in 0.001357 seconds.
Begin MonoManager ReloadAssembly
Native extension for OSXStandalone target not found
Refreshing native plugins compatible for Editor in 0.43 ms, found 1 plugins.
Preloading 0 native plugins for Editor in 0.00 ms.
Mono: successfully reloaded assembly
- Completed reload, in  1.589 seconds
Platform modules already initialized, skipping
Refreshing native plugins compatible for Editor in 0.63 ms, found 1 plugins.
Preloading 0 native plugins for Editor in 0.00 ms.
Unloading 1194 Unused Serialized files (Serialized files now loaded: 0)
System memory in use before: 159.4 MB.
System memory in use after: 158.8 MB.

Unloading 8 unused Assets to reduce memory usage. Loaded Objects now: 1796.
Total: 5.708918 ms (FindLiveObjects: 0.563367 ms CreateObjectMapping: 0.108827 ms MarkObjects: 3.225213 ms  DeleteObjects: 1.808060 ms)

========================================================================
Received Prepare
Registering precompiled user dll's ...
Registered in 0.000855 seconds.
Begin MonoManager ReloadAssembly
Native extension for OSXStandalone target not found
Refreshing native plugins compatible for Editor in 0.41 ms, found 1 plugins.
Preloading 0 native plugins for Editor in 0.00 ms.
Mono: successfully reloaded assembly
- Completed reload, in  1.371 seconds
Platform modules already initialized, skipping
Refreshing native plugins compatible for Editor in 0.62 ms, found 1 plugins.
Preloading 0 native plugins for Editor in 0.00 ms.
Unloading 1193 Unused Serialized files (Serialized files now loaded: 0)
System memory in use before: 159.6 MB.
System memory in use after: 159.0 MB.

Unloading 8 unused Assets to reduce memory usage. Loaded Objects now: 1799.
Total: 4.380883 ms (FindLiveObjects: 0.468732 ms CreateObjectMapping: 0.107300 ms MarkObjects: 2.900905 ms  DeleteObjects: 0.900760 ms)

========================================================================
Received Import Request.
  Time since last request: 400.015885 seconds.
  path: Assets/Creatures Titan
  artifactKey: Guid(a0e0a6a61b7a94a5d8a438d1654c68a2) Importer(815301076,1909f56bfc062723c751e8b465ee728b)
Start importing Assets/Creatures Titan using Guid(a0e0a6a61b7a94a5d8a438d1654c68a2) Importer(815301076,1909f56bfc062723c751e8b465ee728b)  -> (artifact id: 'f4681bd82fce3a417ca42c92293250ec') in 0.064536 seconds
  Import took 0.092865 seconds .

========================================================================
Received Import Request.
  Time since last request: 28.988978 seconds.
  path: Assets/Creatures Titan/Titan.controller
  artifactKey: Guid(aa817058b3fdd29429b34f065a7a8770) Importer(815301076,1909f56bfc062723c751e8b465ee728b)
Start importing Assets/Creatures Titan/Titan.controller using Guid(aa817058b3fdd29429b34f065a7a8770) Importer(815301076,1909f56bfc062723c751e8b465ee728b)  -> (artifact id: '6e3a06a0e78dfc0c1c174dbd57221d96') in 0.085756 seconds
  Import took 0.092706 seconds .

========================================================================
Received Import Request.
  Time since last request: 0.543777 seconds.
  path: Assets/Creatures Titan/Texture
  artifactKey: Guid(2feed1471fadbe74e83bbab3932def0c) Importer(815301076,1909f56bfc062723c751e8b465ee728b)
Start importing Assets/Creatures Titan/Texture using Guid(2feed1471fadbe74e83bbab3932def0c) Importer(815301076,1909f56bfc062723c751e8b465ee728b)  -> (artifact id: 'c80a410a91ff478ac862eba61b6ca574') in 0.005595 seconds
  Import took 0.013413 seconds .

========================================================================
Received Import Request.
  Time since last request: 0.637624 seconds.
  path: Assets/Creatures Titan/Stand
  artifactKey: Guid(b9f396fd1fce59b40ada4f99172fecba) Importer(815301076,1909f56bfc062723c751e8b465ee728b)
Start importing Assets/Creatures Titan/Stand using Guid(b9f396fd1fce59b40ada4f99172fecba) Importer(815301076,1909f56bfc062723c751e8b465ee728b)  -> (artifact id: '61bc0c55845feac05619310ccbdb9051') in 0.003529 seconds
  Import took 0.011543 seconds .

========================================================================
Received Import Request.
  Time since last request: 0.504861 seconds.
  path: Assets/Creatures Titan/Prefab
  artifactKey: Guid(d3ed6303c1d36e64da58ff8e8b531464) Importer(815301076,1909f56bfc062723c751e8b465ee728b)
Start importing Assets/Creatures Titan/Prefab using Guid(d3ed6303c1d36e64da58ff8e8b531464) Importer(815301076,1909f56bfc062723c751e8b465ee728b)  -> (artifact id: '238e6acdc1002bd6ad747f07f207b87f') in 0.002844 seconds
  Import took 0.011709 seconds .

========================================================================
Received Import Request.
  Time since last request: 5.365548 seconds.
  path: Assets/Creatures Titan/Animation
  artifactKey: Guid(52de83d020a7f1b40b20a9863ac76902) Importer(815301076,1909f56bfc062723c751e8b465ee728b)
Start importing Assets/Creatures Titan/Animation using Guid(52de83d020a7f1b40b20a9863ac76902) Importer(815301076,1909f56bfc062723c751e8b465ee728b)  -> (artifact id: '4a825c63c23af14c987a11e28f3bef11') in 0.001991 seconds
  Import took 0.018205 seconds .

========================================================================
Received Import Request.
  Time since last request: 0.074185 seconds.
  path: Assets/Creatures Titan/Animation/Titan@Attack(1).fbx
  artifactKey: Guid(a3657f3076d4ecb48ba773fc3d33886b) Importer(815301076,1909f56bfc062723c751e8b465ee728b)
Start importing Assets/Creatures Titan/Animation/Titan@Attack(1).fbx using Guid(a3657f3076d4ecb48ba773fc3d33886b) Importer(815301076,1909f56bfc062723c751e8b465ee728b)  -> (artifact id: 'ac442e5dd741a1d87541cf1250126688') in 1.135601 seconds
  Import took 1.143066 seconds .

========================================================================
Received Import Request.
  Time since last request: 0.000495 seconds.
  path: Assets/Creatures Titan/Animation/Titan@Idle.fbx
  artifactKey: Guid(3e99ec06c5efc9d4089299d760d40f7c) Importer(815301076,1909f56bfc062723c751e8b465ee728b)
Start importing Assets/Creatures Titan/Animation/Titan@Idle.fbx using Guid(3e99ec06c5efc9d4089299d760d40f7c) Importer(815301076,1909f56bfc062723c751e8b465ee728b)  -> (artifact id: '96fc79beefb495871c900a92aced72a9') in 0.074254 seconds
  Import took 0.079708 seconds .

========================================================================
Received Import Request.
  Time since last request: 0.000409 seconds.
  path: Assets/Creatures Titan/Animation/Titan@GetHit.fbx
  artifactKey: Guid(a8b3cfb4d36cd22418c848a0431ee9dd) Importer(815301076,1909f56bfc062723c751e8b465ee728b)
Start importing Assets/Creatures Titan/Animation/Titan@GetHit.fbx using Guid(a8b3cfb4d36cd22418c848a0431ee9dd) Importer(815301076,1909f56bfc062723c751e8b465ee728b)  -> (artifact id: 'a995c3683180fbbcf39ba533e44ac2b3') in 0.066625 seconds
  Import took 0.072350 seconds .

========================================================================
Received Import Request.
  Time since last request: 0.000364 seconds.
  path: Assets/Creatures Titan/Animation/Titan@Death.fbx
  artifactKey: Guid(3446299ea8161824aa26187412d69ede) Importer(815301076,1909f56bfc062723c751e8b465ee728b)
Start importing Assets/Creatures Titan/Animation/Titan@Death.fbx using Guid(3446299ea8161824aa26187412d69ede) Importer(815301076,1909f56bfc062723c751e8b465ee728b)  -> (artifact id: 'a6233f3dde4eedac9202c419d5e4d868') in 0.072398 seconds
  Import took 0.078188 seconds .

========================================================================
Received Import Request.
  Time since last request: 0.000378 seconds.
  path: Assets/Creatures Titan/Animation/Titan@Attack(2).fbx
  artifactKey: Guid(28bf917ebafe2a548b8303d7eb6e94e4) Importer(815301076,1909f56bfc062723c751e8b465ee728b)
Start importing Assets/Creatures Titan/Animation/Titan@Attack(2).fbx using Guid(28bf917ebafe2a548b8303d7eb6e94e4) Importer(815301076,1909f56bfc062723c751e8b465ee728b)  -> (artifact id: '3b0f8d2d585b7c6ce3c5d701820895f0') in 0.071233 seconds
  Import took 0.077009 seconds .

========================================================================
Received Import Request.
  Time since last request: 0.000413 seconds.
  path: Assets/Creatures Titan/Animation/Titan@Attack(3).fbx
  artifactKey: Guid(17ecd7b479d27af4cad650b71bfeb7c2) Importer(815301076,1909f56bfc062723c751e8b465ee728b)
Start importing Assets/Creatures Titan/Animation/Titan@Attack(3).fbx using Guid(17ecd7b479d27af4cad650b71bfeb7c2) Importer(815301076,1909f56bfc062723c751e8b465ee728b)  -> (artifact id: '9b7deb1ace805ae4d6e6cce900b6a476') in 0.071513 seconds
  Import took 0.077398 seconds .

========================================================================
Received Import Request.
  Time since last request: 0.000350 seconds.
  path: Assets/Creatures Titan/Animation/Titan@Shout2.fbx
  artifactKey: Guid(b1bf8b3f97df2634588c4549d034173c) Importer(815301076,1909f56bfc062723c751e8b465ee728b)
Start importing Assets/Creatures Titan/Animation/Titan@Shout2.fbx using Guid(b1bf8b3f97df2634588c4549d034173c) Importer(815301076,1909f56bfc062723c751e8b465ee728b)  -> (artifact id: '69b3453bb9862077a699d656aaf6dc6d') in 0.065056 seconds
  Import took 0.071712 seconds .

========================================================================
Received Import Request.
  Time since last request: 0.000468 seconds.
  path: Assets/Creatures Titan/Animation/Titan@Walk.fbx
  artifactKey: Guid(af57220899fe7f942bcb29e993d89983) Importer(815301076,1909f56bfc062723c751e8b465ee728b)
Start importing Assets/Creatures Titan/Animation/Titan@Walk.fbx using Guid(af57220899fe7f942bcb29e993d89983) Importer(815301076,1909f56bfc062723c751e8b465ee728b)  -> (artifact id: '11a050a1c61cbe5ba6a592bac9f0c11b') in 0.066460 seconds
  Import took 0.072484 seconds .

========================================================================
Received Import Request.
  Time since last request: 0.000375 seconds.
  path: Assets/Creatures Titan/Animation/Titan@Run.fbx
  artifactKey: Guid(ebe5b89bf3bbf1d4fb606899d6850a67) Importer(815301076,1909f56bfc062723c751e8b465ee728b)
Start importing Assets/Creatures Titan/Animation/Titan@Run.fbx using Guid(ebe5b89bf3bbf1d4fb606899d6850a67) Importer(815301076,1909f56bfc062723c751e8b465ee728b)  -> (artifact id: 'f9c0f6fe292849f19ef4db841b206a6e') in 0.060747 seconds
  Import took 0.065505 seconds .

========================================================================
Received Import Request.
  Time since last request: 0.000506 seconds.
  path: Assets/Creatures Titan/Animation/Titan@Jump.fbx
  artifactKey: Guid(296795d4e5a5f9f4bb9d5b352d9cc7fb) Importer(815301076,1909f56bfc062723c751e8b465ee728b)
Start importing Assets/Creatures Titan/Animation/Titan@Jump.fbx using Guid(296795d4e5a5f9f4bb9d5b352d9cc7fb) Importer(815301076,1909f56bfc062723c751e8b465ee728b)  -> (artifact id: 'd7f235877fc43ead06a8d7bf98c836ab') in 0.064917 seconds
  Import took 0.071478 seconds .

========================================================================
Received Import Request.
  Time since last request: 0.000413 seconds.
  path: Assets/Creatures Titan/Animation/Titan@Shout.fbx
  artifactKey: Guid(320aeb9c9b00d474c95267a1dfa3d3cf) Importer(815301076,1909f56bfc062723c751e8b465ee728b)
Start importing Assets/Creatures Titan/Animation/Titan@Shout.fbx using Guid(320aeb9c9b00d474c95267a1dfa3d3cf) Importer(815301076,1909f56bfc062723c751e8b465ee728b)  -> (artifact id: 'c3e143a3d4f60817b6f06ca6307d711a') in 0.065259 seconds
  Import took 0.072025 seconds .

========================================================================
Received Import Request.
  Time since last request: 4.119621 seconds.
  path: Assets/Creatures Titan/Titan.unity
  artifactKey: Guid(cfd1c9483c8fd6e4e9e833789fdaeb0b) Importer(815301076,1909f56bfc062723c751e8b465ee728b)
Start importing Assets/Creatures Titan/Titan.unity using Guid(cfd1c9483c8fd6e4e9e833789fdaeb0b) Importer(815301076,1909f56bfc062723c751e8b465ee728b)  -> (artifact id: 'f4fc6665705ab068bb665004bd821b8f') in 0.006830 seconds
  Import took 0.013954 seconds .

========================================================================
Received Import Request.
  Time since last request: 4.767363 seconds.
  path: Assets/Creatures Titan/Materials
  artifactKey: Guid(c353116e3e0faa64f9d52631a615c05d) Importer(815301076,1909f56bfc062723c751e8b465ee728b)
Start importing Assets/Creatures Titan/Materials using Guid(c353116e3e0faa64f9d52631a615c05d) Importer(815301076,1909f56bfc062723c751e8b465ee728b)  -> (artifact id: '00ba264e4fc722ff50d69435bd48db19') in 0.002304 seconds
  Import took 0.010950 seconds .

========================================================================
Received Import Request.
  Time since last request: 0.101268 seconds.
  path: Assets/Creatures Titan/Materials/Titan.mat
  artifactKey: Guid(e1749f1e48552f743ba187541ecfa00c) Importer(815301076,1909f56bfc062723c751e8b465ee728b)
Start importing Assets/Creatures Titan/Materials/Titan.mat using Guid(e1749f1e48552f743ba187541ecfa00c) Importer(815301076,1909f56bfc062723c751e8b465ee728b)  -> (artifact id: 'ecf42e11a8c4c3342c91854187b90c57') in 2.235641 seconds
  Import took 2.242021 seconds .

========================================================================
Received Import Request.
  Time since last request: 2.162429 seconds.
  path: Assets/Creatures Titan/Prefab/Titan.prefab
  artifactKey: Guid(f1e393253c7c52241a843c3fa73a5de2) Importer(815301076,1909f56bfc062723c751e8b465ee728b)
Start importing Assets/Creatures Titan/Prefab/Titan.prefab using Guid(f1e393253c7c52241a843c3fa73a5de2) Importer(815301076,1909f56bfc062723c751e8b465ee728b)  -> (artifact id: '96bc2c4642b3575a779571050f37ecb4') in 0.332208 seconds
  Import took 0.336938 seconds .

========================================================================
Received Import Request.
  Time since last request: 30.322296 seconds.
  path: Assets/Creatures Titan/Prefab/Titan Variant.prefab
  artifactKey: Guid(05ffb35d88ab4462ea56f54f47cbee5e) Importer(815301076,1909f56bfc062723c751e8b465ee728b)
Start importing Assets/Creatures Titan/Prefab/Titan Variant.prefab using Guid(05ffb35d88ab4462ea56f54f47cbee5e) Importer(815301076,1909f56bfc062723c751e8b465ee728b)  -> (artifact id: '07bf936c05985d04f61c06dae8902810') in 0.231698 seconds
  Import took 0.273707 seconds .

========================================================================
Received Import Request.
  Time since last request: 79.326872 seconds.
  path: Assets/Scenes/SampleScene.unity
  artifactKey: Guid(9fc0d4010bbf28b4594072e72b8655ab) Importer(815301076,1909f56bfc062723c751e8b465ee728b)
Start importing Assets/Scenes/SampleScene.unity using Guid(9fc0d4010bbf28b4594072e72b8655ab) Importer(815301076,1909f56bfc062723c751e8b465ee728b)  -> (artifact id: '0171c73492fb57279baf6fca8101fb88') in 0.044153 seconds
  Import took 0.084684 seconds .

========================================================================
Received Prepare
Registering precompiled user dll's ...
Registered in 0.000849 seconds.
Begin MonoManager ReloadAssembly
Native extension for OSXStandalone target not found
Refreshing native plugins compatible for Editor in 0.41 ms, found 1 plugins.
Preloading 0 native plugins for Editor in 0.00 ms.
Mono: successfully reloaded assembly
- Completed reload, in  1.766 seconds
Platform modules already initialized, skipping
Refreshing native plugins compatible for Editor in 0.78 ms, found 1 plugins.
Preloading 0 native plugins for Editor in 0.00 ms.
Unloading 1193 Unused Serialized files (Serialized files now loaded: 0)
System memory in use before: 190.8 MB.
System memory in use after: 190.2 MB.

Unloading 8 unused Assets to reduce memory usage. Loaded Objects now: 1846.
Total: 4.490174 ms (FindLiveObjects: 0.435722 ms CreateObjectMapping: 0.147875 ms MarkObjects: 3.054172 ms  DeleteObjects: 0.849920 ms)

========================================================================
Received Import Request.
  Time since last request: 154.233891 seconds.
  path: Assets/Creatures Titan/Titan 1.controller
  artifactKey: Guid(5416e9786535540eda8ff5d98e30e099) Importer(815301076,1909f56bfc062723c751e8b465ee728b)
Start importing Assets/Creatures Titan/Titan 1.controller using Guid(5416e9786535540eda8ff5d98e30e099) Importer(815301076,1909f56bfc062723c751e8b465ee728b)  -> (artifact id: '528372aae50810fca0e9e883b19ba3ac') in 0.121673 seconds
  Import took 0.127536 seconds .

========================================================================
Received Import Request.
  Time since last request: 127.276523 seconds.
  path: Assets/Scripts/EnemyMovement.cs
  artifactKey: Guid(47b3fd4af35114f49a269e2db7bc42a9) Importer(815301076,1909f56bfc062723c751e8b465ee728b)
Start importing Assets/Scripts/EnemyMovement.cs using Guid(47b3fd4af35114f49a269e2db7bc42a9) Importer(815301076,1909f56bfc062723c751e8b465ee728b)  -> (artifact id: 'e01b1d04420c94d258b345d21209c284') in 0.041649 seconds
  Import took 0.051772 seconds .

========================================================================
Received Prepare
Registering precompiled user dll's ...
Registered in 0.000755 seconds.
Begin MonoManager ReloadAssembly
Native extension for OSXStandalone target not found
Refreshing native plugins compatible for Editor in 0.48 ms, found 1 plugins.
Preloading 0 native plugins for Editor in 0.00 ms.
Mono: successfully reloaded assembly
- Completed reload, in  1.842 seconds
Platform modules already initialized, skipping
Refreshing native plugins compatible for Editor in 0.93 ms, found 1 plugins.
Preloading 0 native plugins for Editor in 0.00 ms.
Unloading 1194 Unused Serialized files (Serialized files now loaded: 0)
System memory in use before: 191.1 MB.
System memory in use after: 190.5 MB.

Unloading 8 unused Assets to reduce memory usage. Loaded Objects now: 1850.
Total: 6.188856 ms (FindLiveObjects: 0.425216 ms CreateObjectMapping: 0.095828 ms MarkObjects: 4.449181 ms  DeleteObjects: 1.214067 ms)

========================================================================
Received Prepare
Registering precompiled user dll's ...
Registered in 0.001287 seconds.
Begin MonoManager ReloadAssembly
Native extension for OSXStandalone target not found
Refreshing native plugins compatible for Editor in 0.43 ms, found 1 plugins.
Preloading 0 native plugins for Editor in 0.00 ms.
Mono: successfully reloaded assembly
- Completed reload, in  2.439 seconds
Platform modules already initialized, skipping
Refreshing native plugins compatible for Editor in 0.51 ms, found 1 plugins.
Preloading 0 native plugins for Editor in 0.00 ms.
Unloading 1194 Unused Serialized files (Serialized files now loaded: 0)
System memory in use before: 191.4 MB.
System memory in use after: 190.8 MB.

Unloading 8 unused Assets to reduce memory usage. Loaded Objects now: 1853.
Total: 12.216095 ms (FindLiveObjects: 1.095053 ms CreateObjectMapping: 0.341965 ms MarkObjects: 9.780232 ms  DeleteObjects: 0.994732 ms)

========================================================================
Received Prepare
Registering precompiled user dll's ...
Registered in 0.003204 seconds.
Begin MonoManager ReloadAssembly
Native extension for OSXStandalone target not found
Refreshing native plugins compatible for Editor in 0.42 ms, found 1 plugins.
Preloading 0 native plugins for Editor in 0.00 ms.
Mono: successfully reloaded assembly
- Completed reload, in  1.416 seconds
Platform modules already initialized, skipping
Refreshing native plugins compatible for Editor in 0.54 ms, found 1 plugins.
Preloading 0 native plugins for Editor in 0.00 ms.
Unloading 1194 Unused Serialized files (Serialized files now loaded: 0)
System memory in use before: 191.7 MB.
System memory in use after: 191.1 MB.

Unloading 8 unused Assets to reduce memory usage. Loaded Objects now: 1856.
Total: 4.259244 ms (FindLiveObjects: 0.468215 ms CreateObjectMapping: 0.098180 ms MarkObjects: 3.026712 ms  DeleteObjects: 0.662956 ms)

========================================================================
Received Prepare
Registering precompiled user dll's ...
Registered in 0.004421 seconds.
Begin MonoManager ReloadAssembly
Native extension for OSXStandalone target not found
Refreshing native plugins compatible for Editor in 0.47 ms, found 1 plugins.
Preloading 0 native plugins for Editor in 0.00 ms.
Mono: successfully reloaded assembly
- Completed reload, in  2.275 seconds
Platform modules already initialized, skipping
Refreshing native plugins compatible for Editor in 0.50 ms, found 1 plugins.
Preloading 0 native plugins for Editor in 0.00 ms.
Unloading 1194 Unused Serialized files (Serialized files now loaded: 0)
System memory in use before: 191.9 MB.
System memory in use after: 191.3 MB.

Unloading 8 unused Assets to reduce memory usage. Loaded Objects now: 1859.
Total: 3.686130 ms (FindLiveObjects: 0.527770 ms CreateObjectMapping: 0.137140 ms MarkObjects: 2.375870 ms  DeleteObjects: 0.642707 ms)

========================================================================
Received Prepare
Registering precompiled user dll's ...
Registered in 0.003235 seconds.
Begin MonoManager ReloadAssembly
Native extension for OSXStandalone target not found
Refreshing native plugins compatible for Editor in 0.41 ms, found 1 plugins.
Preloading 0 native plugins for Editor in 0.00 ms.
Mono: successfully reloaded assembly
- Completed reload, in  1.900 seconds
Platform modules already initialized, skipping
Refreshing native plugins compatible for Editor in 0.64 ms, found 1 plugins.
Preloading 0 native plugins for Editor in 0.00 ms.
Unloading 1194 Unused Serialized files (Serialized files now loaded: 0)
System memory in use before: 192.2 MB.
System memory in use after: 191.6 MB.

Unloading 8 unused Assets to reduce memory usage. Loaded Objects now: 1862.
Total: 4.243010 ms (FindLiveObjects: 0.776010 ms CreateObjectMapping: 0.103077 ms MarkObjects: 2.653921 ms  DeleteObjects: 0.704508 ms)

========================================================================
Received Import Request.
  Time since last request: 907.256603 seconds.
  path: Assets/Creatures Titan/Titan 1.controller
  artifactKey: Guid(5416e9786535540eda8ff5d98e30e099) Importer(815301076,1909f56bfc062723c751e8b465ee728b)
Start importing Assets/Creatures Titan/Titan 1.controller using Guid(5416e9786535540eda8ff5d98e30e099) Importer(815301076,1909f56bfc062723c751e8b465ee728b)  -> (artifact id: '7c6afbad15ce28de21a03823954b1bb0') in 0.254063 seconds
  Import took 0.331222 seconds .

