Using pre-set license

 COMMAND LINE ARGUMENTS:
/Applications/Unity/Hub/Editor/2020.3.6f1/Unity.app/Contents/MacOS/Unity
-adb2
-batchMode
-noUpm
-name
AssetImportWorker0
-projectPath
/Users/Andrei/Documents/Programming/Unity/ZombieShow1/ZombieShow
-logFile
Logs/AssetImportWorker0.log
-srvPort
50368
Successfully changed project path to: /Users/Andrei/Documents/Programming/Unity/ZombieShow1/ZombieShow
/Users/Andrei/Documents/Programming/Unity/ZombieShow1/ZombieShow
Using Asset Import Pipeline V2.
Refreshing native plugins compatible for Editor in 227.82 ms, found 1 plugins.
Preloading 0 native plugins for Editor in 0.00 ms.
Initialize engine version: 2020.3.6f1 (338bb68529b2)
[Subsystems] Discovering subsystems at path /Applications/Unity/Hub/Editor/2020.3.6f1/Unity.app/Contents/Resources/UnitySubsystems
[Subsystems] Discovering subsystems at path /Users/Andrei/Documents/Programming/Unity/ZombieShow1/ZombieShow/Assets
GfxDevice: creating device client; threaded=0
2021-05-25 22:19:31.286 Unity[46938:2492502] Color LCD preferred device: Intel HD Graphics 5000 (low power)
2021-05-25 22:19:31.286 Unity[46938:2492502] Metal devices available: 1
2021-05-25 22:19:31.287 Unity[46938:2492502] 0: Intel HD Graphics 5000 (low power)
2021-05-25 22:19:31.287 Unity[46938:2492502] Using device Intel HD Graphics 5000 (low power)
Initializing Metal device caps: Intel HD Graphics 5000
Initialize mono
Mono path[0] = '/Applications/Unity/Hub/Editor/2020.3.6f1/Unity.app/Contents/Managed'
Mono path[1] = '/Applications/Unity/Hub/Editor/2020.3.6f1/Unity.app/Contents/MonoBleedingEdge/lib/mono/unityjit'
Mono config path = '/Applications/Unity/Hub/Editor/2020.3.6f1/Unity.app/Contents/MonoBleedingEdge/etc'
Using monoOptions --debugger-agent=transport=dt_socket,embedding=1,server=y,suspend=n,address=127.0.0.1:56938
Begin MonoManager ReloadAssembly
Registering precompiled unity dll's ...
Register platform support module: /Applications/Unity/Hub/Editor/2020.3.6f1/Unity.app/Contents/PlaybackEngines/MacStandaloneSupport/UnityEditor.OSXStandalone.Extensions.dll
Registered in 0.002708 seconds.
Native extension for OSXStandalone target not found
Refreshing native plugins compatible for Editor in 56.35 ms, found 1 plugins.
Preloading 0 native plugins for Editor in 0.00 ms.
Mono: successfully reloaded assembly
- Completed reload, in  3.642 seconds
Platform modules already initialized, skipping
Registering precompiled user dll's ...
Registered in 0.001457 seconds.
Begin MonoManager ReloadAssembly
Native extension for OSXStandalone target not found
Refreshing native plugins compatible for Editor in 0.51 ms, found 1 plugins.
Preloading 0 native plugins for Editor in 0.00 ms.
Mono: successfully reloaded assembly
- Completed reload, in  2.144 seconds
Platform modules already initialized, skipping
========================================================================
Worker process is ready to serve import requests
Launching external process: /Applications/Unity/Hub/Editor/2020.3.6f1/Unity.app/Contents/Tools/UnityShaderCompiler
Launched and connected shader compiler UnityShaderCompiler after 0.04 seconds
Refreshing native plugins compatible for Editor in 0.54 ms, found 1 plugins.
Preloading 0 native plugins for Editor in 0.00 ms.
Unloading 1232 Unused Serialized files (Serialized files now loaded: 0)
System memory in use before: 143.1 MB.
System memory in use after: 142.5 MB.

Unloading 13 unused Assets to reduce memory usage. Loaded Objects now: 1694.
Total: 22.796282 ms (FindLiveObjects: 0.409853 ms CreateObjectMapping: 0.099443 ms MarkObjects: 20.422370 ms  DeleteObjects: 1.860877 ms)

========================================================================
Received Import Request.
  path: Assets/Scripts/EnemyHarm.cs
  artifactKey: Guid(c4503fed3a96a41d7928b578f2e6473c) Importer(815301076,1909f56bfc062723c751e8b465ee728b)
Start importing Assets/Scripts/EnemyHarm.cs using Guid(c4503fed3a96a41d7928b578f2e6473c) Importer(815301076,1909f56bfc062723c751e8b465ee728b)  -> (artifact id: '238b50d74e619e0f147078b2c7ae5144') in 1.774237 seconds
  Import took 1.783895 seconds .

========================================================================
Received Prepare
Registering precompiled user dll's ...
Registered in 0.002311 seconds.
Begin MonoManager ReloadAssembly
Native extension for OSXStandalone target not found
Refreshing native plugins compatible for Editor in 0.94 ms, found 1 plugins.
Preloading 0 native plugins for Editor in 0.00 ms.
Mono: successfully reloaded assembly
- Completed reload, in  4.549 seconds
Platform modules already initialized, skipping
Refreshing native plugins compatible for Editor in 0.47 ms, found 1 plugins.
Preloading 0 native plugins for Editor in 0.00 ms.
Unloading 1198 Unused Serialized files (Serialized files now loaded: 0)
System memory in use before: 144.9 MB.
System memory in use after: 144.3 MB.

Unloading 8 unused Assets to reduce memory usage. Loaded Objects now: 1697.
Total: 7.716450 ms (FindLiveObjects: 0.467943 ms CreateObjectMapping: 0.087003 ms MarkObjects: 5.639009 ms  DeleteObjects: 1.519583 ms)

========================================================================
Received Prepare
Registering precompiled user dll's ...
Registered in 0.001739 seconds.
Begin MonoManager ReloadAssembly
Native extension for OSXStandalone target not found
Refreshing native plugins compatible for Editor in 0.88 ms, found 1 plugins.
Preloading 0 native plugins for Editor in 0.00 ms.
Mono: successfully reloaded assembly
- Completed reload, in  2.600 seconds
Platform modules already initialized, skipping
Refreshing native plugins compatible for Editor in 0.44 ms, found 1 plugins.
Preloading 0 native plugins for Editor in 0.00 ms.
Unloading 1198 Unused Serialized files (Serialized files now loaded: 0)
System memory in use before: 145.2 MB.
System memory in use after: 144.6 MB.

Unloading 8 unused Assets to reduce memory usage. Loaded Objects now: 1700.
Total: 4.787611 ms (FindLiveObjects: 0.735155 ms CreateObjectMapping: 0.152516 ms MarkObjects: 3.229595 ms  DeleteObjects: 0.664208 ms)

========================================================================
Received Prepare
Registering precompiled user dll's ...
Registered in 0.001500 seconds.
Begin MonoManager ReloadAssembly
Native extension for OSXStandalone target not found
Refreshing native plugins compatible for Editor in 0.58 ms, found 1 plugins.
Preloading 0 native plugins for Editor in 0.00 ms.
Mono: successfully reloaded assembly
- Completed reload, in  3.112 seconds
Platform modules already initialized, skipping
Refreshing native plugins compatible for Editor in 0.75 ms, found 1 plugins.
Preloading 0 native plugins for Editor in 0.00 ms.
Unloading 1198 Unused Serialized files (Serialized files now loaded: 0)
System memory in use before: 145.6 MB.
System memory in use after: 145.0 MB.

Unloading 8 unused Assets to reduce memory usage. Loaded Objects now: 1703.
Total: 4.516620 ms (FindLiveObjects: 0.364177 ms CreateObjectMapping: 0.102300 ms MarkObjects: 3.163025 ms  DeleteObjects: 0.885059 ms)

========================================================================
Received Prepare
Registering precompiled user dll's ...
Registered in 0.001979 seconds.
Begin MonoManager ReloadAssembly
Native extension for OSXStandalone target not found
Refreshing native plugins compatible for Editor in 0.50 ms, found 1 plugins.
Preloading 0 native plugins for Editor in 0.00 ms.
Mono: successfully reloaded assembly
- Completed reload, in  2.187 seconds
Platform modules already initialized, skipping
Refreshing native plugins compatible for Editor in 0.53 ms, found 1 plugins.
Preloading 0 native plugins for Editor in 0.00 ms.
Unloading 1198 Unused Serialized files (Serialized files now loaded: 0)
System memory in use before: 145.9 MB.
System memory in use after: 145.3 MB.

Unloading 8 unused Assets to reduce memory usage. Loaded Objects now: 1706.
Total: 12.412680 ms (FindLiveObjects: 0.297750 ms CreateObjectMapping: 0.069738 ms MarkObjects: 11.402882 ms  DeleteObjects: 0.640113 ms)

========================================================================
Received Prepare
Registering precompiled user dll's ...
Registered in 0.001020 seconds.
Begin MonoManager ReloadAssembly
Native extension for OSXStandalone target not found
Refreshing native plugins compatible for Editor in 0.49 ms, found 1 plugins.
Preloading 0 native plugins for Editor in 0.00 ms.
Mono: successfully reloaded assembly
- Completed reload, in  2.130 seconds
Platform modules already initialized, skipping
Refreshing native plugins compatible for Editor in 0.98 ms, found 1 plugins.
Preloading 0 native plugins for Editor in 0.00 ms.
Unloading 1198 Unused Serialized files (Serialized files now loaded: 0)
System memory in use before: 146.2 MB.
System memory in use after: 145.6 MB.

Unloading 8 unused Assets to reduce memory usage. Loaded Objects now: 1709.
Total: 3.034538 ms (FindLiveObjects: 0.307563 ms CreateObjectMapping: 0.060830 ms MarkObjects: 2.035146 ms  DeleteObjects: 0.629477 ms)

========================================================================
Received Prepare
Registering precompiled user dll's ...
Registered in 0.001732 seconds.
Begin MonoManager ReloadAssembly
Native extension for OSXStandalone target not found
Refreshing native plugins compatible for Editor in 0.62 ms, found 1 plugins.
Preloading 0 native plugins for Editor in 0.00 ms.
Mono: successfully reloaded assembly
- Completed reload, in  2.364 seconds
Platform modules already initialized, skipping
Refreshing native plugins compatible for Editor in 1.17 ms, found 1 plugins.
Preloading 0 native plugins for Editor in 0.00 ms.
Unloading 1198 Unused Serialized files (Serialized files now loaded: 0)
System memory in use before: 146.5 MB.
System memory in use after: 145.9 MB.

Unloading 8 unused Assets to reduce memory usage. Loaded Objects now: 1712.
Total: 6.419137 ms (FindLiveObjects: 0.836835 ms CreateObjectMapping: 0.136490 ms MarkObjects: 4.700288 ms  DeleteObjects: 0.743356 ms)

